<?xml version="1.0" encoding="UTF-8"?>
<testsuite xmlns:xsi="http://www.w3.org/2001/XMLSchema-instance" xsi:noNamespaceSchemaLocation="https://maven.apache.org/surefire/maven-failsafe-plugin/xsd/failsafe-test-report-3.0.xsd" version="3.0" name="serenity_cucumber.amazon_crud.acceptancetests.AcceptanceTestSuite" time="3.017" tests="1" errors="1" skipped="0" failures="0">
  <properties>
[...]
</properties>
  <testcase name="Login to Amazaon Website" classname="Login to Amazon" time="1.8">
    <error type="org.openqa.selenium.SessionNotCreatedException"><![CDATA[org.openqa.selenium.SessionNotCreatedException: 
session not created: This version of ChromeDriver only supports Chrome version 85
Build info: version: '3.141.59', revision: 'e82be7d358', time: '2018-11-14T08:17:03'
System info: host: 'DHEYCLAVERIA', ip: '192.168.1.4', os.name: 'Windows 10', os.arch: 'amd64', os.version: '10.0', java.version: '15.0.1'
Driver info: driver.version: ChromeDriver
remote stacktrace: Backtrace:
	Ordinal0 [0x007BC933+3131699]
	Ordinal0 [0x006A9EC1+2006721]
	Ordinal0 [0x0054AE28+568872]
	Ordinal0 [0x004D13BF+70591]
	Ordinal0 [0x004CCC83+52355]
	Ordinal0 [0x004F0E2C+200236]
	Ordinal0 [0x004F0C4D+199757]
	Ordinal0 [0x004EEB3B+191291]
	Ordinal0 [0x004D2E97+77463]
	Ordinal0 [0x004D3E5E+81502]
	Ordinal0 [0x004D3DE9+81385]
	Ordinal0 [0x006C0A79+2099833]
	GetHandleVerifier [0x0092AC3A+1396666]
	GetHandleVerifier [0x0092A8B9+1395769]
	GetHandleVerifier [0x00936536+1444022]
	GetHandleVerifier [0x0092B1C8+1398088]
	Ordinal0 [0x006B7D41+2063681]
	Ordinal0 [0x006C208B+2105483]
	Ordinal0 [0x006C21B1+2105777]
	Ordinal0 [0x006D4754+2180948]
	BaseThreadInitThunk [0x76E9FA29+25]
	RtlGetAppContainerNamedObjectPath [0x772F7C7E+286]
	RtlGetAppContainerNamedObjectPath [0x772F7C4E+238]

]]></error>
    <system-out><![CDATA[20:28:44.286 [main] DEBUG n.t.c.u.PropertiesFileLocalPreferences - LOADING LOCAL PROPERTIES FROM Z:\Automation\JavaCucumber\Login\amazon-crud\serenity.properties 
20:28:44.389 [main] DEBUG n.t.c.u.PropertiesFileLocalPreferences - LOADING LOCAL PROPERTIES FROM Z:\Automation\JavaCucumber\Login\amazon-crud\serenity.properties 
20:28:44.389 [main] DEBUG n.t.c.u.PropertiesFileLocalPreferences - LOADING LOCAL PROPERTIES FROM Z:\Automation\JavaCucumber\Login\amazon-crud\serenity.properties 
20:28:44.396 [main] DEBUG n.t.c.u.PropertiesFileLocalPreferences - thucydides.requirements.dir=src/test/resources/features
20:28:44.396 [main] DEBUG n.t.c.u.PropertiesFileLocalPreferences - webdriver.driver=chrome
20:28:44.396 [main] DEBUG n.t.c.u.PropertiesFileLocalPreferences - serenity.test.root=starter
20:28:44.396 [main] DEBUG n.t.c.u.PropertiesFileLocalPreferences - serenity.take.screenshots=FOR_EACH_ACTION
20:28:44.396 [main] DEBUG n.t.c.u.PropertiesFileLocalPreferences - serenity.project.name=Amazon CRUD Testing
20:28:44.397 [main] DEBUG n.t.c.u.PropertiesFileLocalPreferences - environments.dev.webdriver.base.url=https://opensource-demo.orangehrmlive.com//dev
20:28:44.397 [main] DEBUG n.t.c.u.PropertiesFileLocalPreferences - drivers.linux.webdriver.gecko.driver=src/test/resources/webdriver/linux/geckodriver
20:28:44.397 [main] DEBUG n.t.c.u.PropertiesFileLocalPreferences - drivers.windows.webdriver.chrome.driver=src/test/resources/webdriver/windows/chromedriver.exe
20:28:44.397 [main] DEBUG n.t.c.u.PropertiesFileLocalPreferences - environments.staging.webdriver.base.url=https://opensource-demo.orangehrmlive.com//staging
20:28:44.397 [main] DEBUG n.t.c.u.PropertiesFileLocalPreferences - environments.default.webdriver.base.url=https://opensource-demo.orangehrmlive.com/
20:28:44.397 [main] DEBUG n.t.c.u.PropertiesFileLocalPreferences - drivers.linux.webdriver.chrome.driver=src/test/resources/webdriver/linux/chromedriver
20:28:44.397 [main] DEBUG n.t.c.u.PropertiesFileLocalPreferences - drivers.windows.webdriver.gecko.driver=src/test/resources/webdriver/windows/geckodriver.exe
20:28:44.397 [main] DEBUG n.t.c.u.PropertiesFileLocalPreferences - chrome.switches=--start-maximized;--test-type;--no-sandbox;--ignore-certificate-errors;\r\n                   --disable-popup-blocking;--disable-default-apps;--disable-extensions-file-access-check;\r\n                   --incognito;--disable-infobars,--disable-gpu
20:28:44.397 [main] DEBUG n.t.c.u.PropertiesFileLocalPreferences - drivers.mac.webdriver.gecko.driver=src/test/resources/webdriver/mac/geckodriver
20:28:44.398 [main] DEBUG n.t.c.u.PropertiesFileLocalPreferences - drivers.mac.webdriver.chrome.driver=src/test/resources/webdriver/mac/chromedriver
20:28:44.398 [main] DEBUG n.t.c.u.PropertiesFileLocalPreferences - environments.prod.webdriver.base.url=https://opensource-demo.orangehrmlive.com//prod
20:28:44.398 [main] DEBUG n.t.c.u.PropertiesFileLocalPreferences - webdriver.autodownload=true
20:28:44.398 [main] DEBUG n.t.c.u.PropertiesFileLocalPreferences - headless.mode=false
20:28:44.398 [main] DEBUG n.t.c.u.PropertiesFileLocalPreferences - webdriver.use.driver.service.pool=true
20:28:44.653 [main] INFO  i.c.core.plugin.SerenityReporter - Running feature from file:///Z:/Automation/JavaCucumber/Login/amazon-crud/src/test/resources/features/login/login.feature
20:28:44.757 [main] DEBUG n.t.c.u.PropertiesFileLocalPreferences - LOADING LOCAL PROPERTIES FROM Z:\Automation\JavaCucumber\Login\amazon-crud\serenity.properties 
20:28:44.816 [main] DEBUG n.t.c.u.PropertiesFileLocalPreferences - LOADING LOCAL PROPERTIES FROM Z:\Automation\JavaCucumber\Login\amazon-crud\serenity.properties 
20:28:44.817 [main] DEBUG n.t.c.u.PropertiesFileLocalPreferences - LOADING LOCAL PROPERTIES FROM Z:\Automation\JavaCucumber\Login\amazon-crud\serenity.properties 
20:28:44.817 [main] DEBUG n.t.c.u.PropertiesFileLocalPreferences - thucydides.requirements.dir=src/test/resources/features
20:28:44.817 [main] DEBUG n.t.c.u.PropertiesFileLocalPreferences - webdriver.driver=chrome
20:28:44.817 [main] DEBUG n.t.c.u.PropertiesFileLocalPreferences - serenity.test.root=starter
20:28:44.817 [main] DEBUG n.t.c.u.PropertiesFileLocalPreferences - serenity.take.screenshots=FOR_EACH_ACTION
20:28:44.818 [main] DEBUG n.t.c.u.PropertiesFileLocalPreferences - serenity.project.name=Amazon CRUD Testing
20:28:44.818 [main] DEBUG n.t.c.u.PropertiesFileLocalPreferences - environments.dev.webdriver.base.url=https://opensource-demo.orangehrmlive.com//dev
20:28:44.818 [main] DEBUG n.t.c.u.PropertiesFileLocalPreferences - drivers.linux.webdriver.gecko.driver=src/test/resources/webdriver/linux/geckodriver
20:28:44.818 [main] DEBUG n.t.c.u.PropertiesFileLocalPreferences - drivers.windows.webdriver.chrome.driver=src/test/resources/webdriver/windows/chromedriver.exe
20:28:44.818 [main] DEBUG n.t.c.u.PropertiesFileLocalPreferences - environments.staging.webdriver.base.url=https://opensource-demo.orangehrmlive.com//staging
20:28:44.818 [main] DEBUG n.t.c.u.PropertiesFileLocalPreferences - environments.default.webdriver.base.url=https://opensource-demo.orangehrmlive.com/
20:28:44.818 [main] DEBUG n.t.c.u.PropertiesFileLocalPreferences - drivers.linux.webdriver.chrome.driver=src/test/resources/webdriver/linux/chromedriver
20:28:44.819 [main] DEBUG n.t.c.u.PropertiesFileLocalPreferences - drivers.windows.webdriver.gecko.driver=src/test/resources/webdriver/windows/geckodriver.exe
20:28:44.819 [main] DEBUG n.t.c.u.PropertiesFileLocalPreferences - chrome.switches=--start-maximized;--test-type;--no-sandbox;--ignore-certificate-errors;\r\n                   --disable-popup-blocking;--disable-default-apps;--disable-extensions-file-access-check;\r\n                   --incognito;--disable-infobars,--disable-gpu
20:28:44.819 [main] DEBUG n.t.c.u.PropertiesFileLocalPreferences - drivers.mac.webdriver.gecko.driver=src/test/resources/webdriver/mac/geckodriver
20:28:44.819 [main] DEBUG n.t.c.u.PropertiesFileLocalPreferences - drivers.mac.webdriver.chrome.driver=src/test/resources/webdriver/mac/chromedriver
20:28:44.819 [main] DEBUG n.t.c.u.PropertiesFileLocalPreferences - environments.prod.webdriver.base.url=https://opensource-demo.orangehrmlive.com//prod
20:28:44.819 [main] DEBUG n.t.c.u.PropertiesFileLocalPreferences - webdriver.autodownload=true
20:28:44.819 [main] DEBUG n.t.c.u.PropertiesFileLocalPreferences - headless.mode=false
20:28:44.819 [main] DEBUG n.t.c.u.PropertiesFileLocalPreferences - webdriver.use.driver.service.pool=true
20:28:44.823 [main] INFO   - 

-------------------------------------------------------------------------------------
     _______. _______ .______       _______ .__   __.  __  .___________.____    ____ 
    /       ||   ____||   _  \     |   ____||  \ |  | |  | |           |\   \  /   / 
   |   (----`|  |__   |  |_)  |    |  |__   |   \|  | |  | `---|  |----` \   \/   /  
    \   \    |   __|  |      /     |   __|  |  . `  | |  |     |  |       \_    _/   
.----)   |   |  |____ |  |\  \----.|  |____ |  |\   | |  |     |  |         |  |     
|_______/    |_______|| _| `._____||_______||__| \__| |__|     |__|         |__|    
                                                                                     
 News and tutorials at http://www.serenity-bdd.info                                  
 Documentation at https://wakaleo.gitbooks.io/the-serenity-book/content/             
 Join the Serenity Community on Gitter: https://gitter.im/serenity-bdd/serenity-core 
 Serenity BDD Support and Training at http://serenity-bdd.info/#/trainingandsupport  
-------------------------------------------------------------------------------------

20:28:44.825 [main] DEBUG n.thucydides.core.steps.StepEventBus - Test suite started for story net.thucydides.core.model.Story@97c33b59
20:28:44.826 [main] INFO   - Test Suite Started: Login to Amazon
20:28:44.937 [main] INFO  i.c.core.plugin.SerenityReporter - Running feature from file:///Z:/Automation/JavaCucumber/Login/amazon-crud/src/test/resources/features/login/login.feature
20:28:44.994 [main] INFO   - 
 _____ _____ ____ _____   ____ _____  _    ____ _____ _____ ____  
|_   _| ____/ ___|_   _| / ___|_   _|/ \  |  _ \_   _| ____|  _ \ 
  | | |  _| \___ \ | |   \___ \ | | / _ \ | |_) || | |  _| | | | |
  | | | |___ ___) || |    ___) || |/ ___ \|  _ < | | | |___| |_| |
  |_| |_____|____/ |_|   |____/ |_/_/   \_\_| \_\|_| |_____|____/ 

Login to Amazaon Website(login-to-amazon;login-to-amazaon-website)
-------------------------------------------------------------------
20:28:45.000 [main] WARN  n.t.core.ThucydidesSystemProperty - Legacy property format detected for serenity.requirements.dir, please use the serenity.* format instead.
20:28:45.000 [main] WARN  n.t.core.ThucydidesSystemProperty - Legacy property format detected for serenity.requirements.dir, please use the serenity.* format instead.
20:28:45.001 [main] WARN  n.t.core.ThucydidesSystemProperty - Legacy property format detected for serenity.requirements.dir, please use the serenity.* format instead.
20:28:45.001 [main] WARN  n.t.core.ThucydidesSystemProperty - Legacy property format detected for serenity.requirements.dir, please use the serenity.* format instead.
20:28:45.005 [main] WARN  n.t.core.ThucydidesSystemProperty - Legacy property format detected for serenity.requirements.dir, please use the serenity.* format instead.
20:28:45.005 [main] WARN  n.t.core.ThucydidesSystemProperty - Legacy property format detected for serenity.requirements.dir, please use the serenity.* format instead.
20:28:45.006 [main] WARN  n.t.core.ThucydidesSystemProperty - Legacy property format detected for serenity.requirements.dir, please use the serenity.* format instead.
20:28:45.021 [main] WARN  n.t.core.ThucydidesSystemProperty - Legacy property format detected for serenity.requirements.dir, please use the serenity.* format instead.
20:28:45.021 [main] WARN  n.t.core.ThucydidesSystemProperty - Legacy property format detected for serenity.requirements.dir, please use the serenity.* format instead.
20:28:45.023 [main] WARN  n.t.core.ThucydidesSystemProperty - Legacy property format detected for serenity.requirements.dir, please use the serenity.* format instead.
20:28:45.023 [main] WARN  n.t.core.ThucydidesSystemProperty - Legacy property format detected for serenity.requirements.dir, please use the serenity.* format instead.
20:28:45.033 [main] DEBUG n.t.c.r.m.cucumber.CucumberParser - Added feature Login to Amazon
20:28:46.635 [main] INFO   - 
            __  _____ _____ ____ _____   ____  _  _____ ____  ____  _____ ____  
  _        / / |_   _| ____/ ___|_   _| / ___|| |/ /_ _|  _ \|  _ \| ____|  _ \ 
 (_)_____ / /    | | |  _| \___ \ | |   \___ \| ' / | || |_) | |_) |  _| | | | |
  _|_____/ /     | | | |___ ___) || |    ___) | . \ | ||  __/|  __/| |___| |_| |
 (_)    /_/      |_| |_____|____/ |_|   |____/|_|\_\___|_|   |_|   |_____|____/ 

Login to Amazaon Website
---------------------------------------------------------------------------------
]]></system-out>
    <system-err><![CDATA[SLF4J: Class path contains multiple SLF4J bindings.
SLF4J: Found binding in [jar:file:/C:/Users/DheyClaveria/.m2/repository/ch/qos/logback/logback-classic/1.0.13/logback-classic-1.0.13.jar!/org/slf4j/impl/StaticLoggerBinder.class]
SLF4J: Found binding in [jar:file:/C:/Users/DheyClaveria/.m2/repository/org/slf4j/slf4j-simple/1.7.7/slf4j-simple-1.7.7.jar!/org/slf4j/impl/StaticLoggerBinder.class]
SLF4J: See http://www.slf4j.org/codes.html#multiple_bindings for an explanation.
SLF4J: Actual binding is of type [ch.qos.logback.classic.util.ContextSelectorStaticBinder]
Starting ChromeDriver 85.0.4183.38 (9047dbc2c693f044042bbec5c91401c708c7c26a-refs/branch-heads/4183@{#779}) on port 25229
Only local connections are allowed.
Please see https://chromedriver.chromium.org/security-considerations for suggestions on keeping ChromeDriver safe.
ChromeDriver was started successfully.
]]></system-err>
  </testcase>
</testsuite>