<?xml version="1.0" encoding="UTF-8"?>
<testsuite xmlns:xsi="http://www.w3.org/2001/XMLSchema-instance" xsi:noNamespaceSchemaLocation="https://maven.apache.org/surefire/maven-failsafe-plugin/xsd/failsafe-test-report-3.0.xsd" version="3.0" name="serenity_cucumber.amazon_crud.acceptancetests.AcceptanceTestSuite" time="7.937" tests="1" errors="1" skipped="0" failures="0">
  <properties>
[...]
</properties>
  <testcase name="Login to Amazaon Website" classname="Login to Amazon" time="6.473">
    <error type="java.lang.NullPointerException"><![CDATA[java.lang.NullPointerException: Cannot invoke "String.startsWith(String)" because "xpathOrCssSelector" is null
]]></error>
    <system-out><![CDATA[15:49:28.721 [main] DEBUG n.t.c.u.PropertiesFileLocalPreferences - LOADING LOCAL PROPERTIES FROM Z:\Automation\JavaCucumber\Login\amazon-crud\serenity.properties 
15:49:28.832 [main] DEBUG n.t.c.u.PropertiesFileLocalPreferences - LOADING LOCAL PROPERTIES FROM Z:\Automation\JavaCucumber\Login\amazon-crud\serenity.properties 
15:49:28.832 [main] DEBUG n.t.c.u.PropertiesFileLocalPreferences - LOADING LOCAL PROPERTIES FROM Z:\Automation\JavaCucumber\Login\amazon-crud\serenity.properties 
15:49:28.839 [main] DEBUG n.t.c.u.PropertiesFileLocalPreferences - webdriver.driver=chrome
15:49:28.839 [main] DEBUG n.t.c.u.PropertiesFileLocalPreferences - serenity.test.root=starter
15:49:28.839 [main] DEBUG n.t.c.u.PropertiesFileLocalPreferences - serenity.take.screenshots=FOR_EACH_ACTION
15:49:28.839 [main] DEBUG n.t.c.u.PropertiesFileLocalPreferences - serenity.project.name=Amazon CRUD Testing
15:49:28.840 [main] DEBUG n.t.c.u.PropertiesFileLocalPreferences - drivers.linux.webdriver.gecko.driver=src/test/resources/webdriver/linux/geckodriver
15:49:28.840 [main] DEBUG n.t.c.u.PropertiesFileLocalPreferences - webdriver.autodownload=true
15:49:28.840 [main] DEBUG n.t.c.u.PropertiesFileLocalPreferences - environments.default.webdriver.base.url=https://www.amazon.com/
15:49:28.840 [main] DEBUG n.t.c.u.PropertiesFileLocalPreferences - drivers.windows.webdriver.chrome.driver=src/test/resources/webdriver/windows/chromedriver.exe
15:49:28.840 [main] DEBUG n.t.c.u.PropertiesFileLocalPreferences - drivers.mac.webdriver.chrome.driver=src/test/resources/webdriver/mac/chromedriver
15:49:28.840 [main] DEBUG n.t.c.u.PropertiesFileLocalPreferences - drivers.linux.webdriver.chrome.driver=src/test/resources/webdriver/linux/chromedriver
15:49:28.840 [main] DEBUG n.t.c.u.PropertiesFileLocalPreferences - chrome.switches=--start-maximized;--test-type;--no-sandbox;--ignore-certificate-errors;\r\n                   --disable-popup-blocking;--disable-default-apps;--disable-extensions-file-access-check;\r\n                   --incognito;--disable-infobars,--disable-gpu
15:49:28.840 [main] DEBUG n.t.c.u.PropertiesFileLocalPreferences - environments.prod.webdriver.base.url=https://www.amazon.com//prod
15:49:28.840 [main] DEBUG n.t.c.u.PropertiesFileLocalPreferences - drivers.windows.webdriver.gecko.driver=src/test/resources/webdriver/windows/geckodriver.exe
15:49:28.840 [main] DEBUG n.t.c.u.PropertiesFileLocalPreferences - environments.staging.webdriver.base.url=https://www.amazon.com//staging
15:49:28.841 [main] DEBUG n.t.c.u.PropertiesFileLocalPreferences - drivers.mac.webdriver.gecko.driver=src/test/resources/webdriver/mac/geckodriver
15:49:28.841 [main] DEBUG n.t.c.u.PropertiesFileLocalPreferences - webdriver.timeouts.implicitlywait=5000
15:49:28.841 [main] DEBUG n.t.c.u.PropertiesFileLocalPreferences - webdriver.timeouts.fluentwait=10000
15:49:28.841 [main] DEBUG n.t.c.u.PropertiesFileLocalPreferences - headless.mode=false
15:49:28.841 [main] DEBUG n.t.c.u.PropertiesFileLocalPreferences - webdriver.use.driver.service.pool=true
15:49:28.841 [main] DEBUG n.t.c.u.PropertiesFileLocalPreferences - environments.dev.webdriver.base.url=https://www.amazon.com//dev
15:49:29.097 [main] INFO  i.c.core.plugin.SerenityReporter - Running feature from file:///Z:/Automation/JavaCucumber/Login/amazon-crud/src/test/resources/features/login/login.feature
15:49:29.217 [main] DEBUG n.t.c.u.PropertiesFileLocalPreferences - LOADING LOCAL PROPERTIES FROM Z:\Automation\JavaCucumber\Login\amazon-crud\serenity.properties 
15:49:29.288 [main] DEBUG n.t.c.u.PropertiesFileLocalPreferences - LOADING LOCAL PROPERTIES FROM Z:\Automation\JavaCucumber\Login\amazon-crud\serenity.properties 
15:49:29.289 [main] DEBUG n.t.c.u.PropertiesFileLocalPreferences - LOADING LOCAL PROPERTIES FROM Z:\Automation\JavaCucumber\Login\amazon-crud\serenity.properties 
15:49:29.289 [main] DEBUG n.t.c.u.PropertiesFileLocalPreferences - webdriver.driver=chrome
15:49:29.289 [main] DEBUG n.t.c.u.PropertiesFileLocalPreferences - serenity.test.root=starter
15:49:29.289 [main] DEBUG n.t.c.u.PropertiesFileLocalPreferences - serenity.take.screenshots=FOR_EACH_ACTION
15:49:29.289 [main] DEBUG n.t.c.u.PropertiesFileLocalPreferences - serenity.project.name=Amazon CRUD Testing
15:49:29.290 [main] DEBUG n.t.c.u.PropertiesFileLocalPreferences - drivers.linux.webdriver.gecko.driver=src/test/resources/webdriver/linux/geckodriver
15:49:29.290 [main] DEBUG n.t.c.u.PropertiesFileLocalPreferences - webdriver.autodownload=true
15:49:29.290 [main] DEBUG n.t.c.u.PropertiesFileLocalPreferences - environments.default.webdriver.base.url=https://www.amazon.com/
15:49:29.290 [main] DEBUG n.t.c.u.PropertiesFileLocalPreferences - drivers.windows.webdriver.chrome.driver=src/test/resources/webdriver/windows/chromedriver.exe
15:49:29.290 [main] DEBUG n.t.c.u.PropertiesFileLocalPreferences - drivers.mac.webdriver.chrome.driver=src/test/resources/webdriver/mac/chromedriver
15:49:29.290 [main] DEBUG n.t.c.u.PropertiesFileLocalPreferences - drivers.linux.webdriver.chrome.driver=src/test/resources/webdriver/linux/chromedriver
15:49:29.290 [main] DEBUG n.t.c.u.PropertiesFileLocalPreferences - chrome.switches=--start-maximized;--test-type;--no-sandbox;--ignore-certificate-errors;\r\n                   --disable-popup-blocking;--disable-default-apps;--disable-extensions-file-access-check;\r\n                   --incognito;--disable-infobars,--disable-gpu
15:49:29.290 [main] DEBUG n.t.c.u.PropertiesFileLocalPreferences - environments.prod.webdriver.base.url=https://www.amazon.com//prod
15:49:29.290 [main] DEBUG n.t.c.u.PropertiesFileLocalPreferences - drivers.windows.webdriver.gecko.driver=src/test/resources/webdriver/windows/geckodriver.exe
15:49:29.290 [main] DEBUG n.t.c.u.PropertiesFileLocalPreferences - environments.staging.webdriver.base.url=https://www.amazon.com//staging
15:49:29.290 [main] DEBUG n.t.c.u.PropertiesFileLocalPreferences - drivers.mac.webdriver.gecko.driver=src/test/resources/webdriver/mac/geckodriver
15:49:29.291 [main] DEBUG n.t.c.u.PropertiesFileLocalPreferences - webdriver.timeouts.implicitlywait=5000
15:49:29.291 [main] DEBUG n.t.c.u.PropertiesFileLocalPreferences - webdriver.timeouts.fluentwait=10000
15:49:29.291 [main] DEBUG n.t.c.u.PropertiesFileLocalPreferences - headless.mode=false
15:49:29.291 [main] DEBUG n.t.c.u.PropertiesFileLocalPreferences - webdriver.use.driver.service.pool=true
15:49:29.291 [main] DEBUG n.t.c.u.PropertiesFileLocalPreferences - environments.dev.webdriver.base.url=https://www.amazon.com//dev
15:49:29.295 [main] INFO   - 

-------------------------------------------------------------------------------------
     _______. _______ .______       _______ .__   __.  __  .___________.____    ____ 
    /       ||   ____||   _  \     |   ____||  \ |  | |  | |           |\   \  /   / 
   |   (----`|  |__   |  |_)  |    |  |__   |   \|  | |  | `---|  |----` \   \/   /  
    \   \    |   __|  |      /     |   __|  |  . `  | |  |     |  |       \_    _/   
.----)   |   |  |____ |  |\  \----.|  |____ |  |\   | |  |     |  |         |  |     
|_______/    |_______|| _| `._____||_______||__| \__| |__|     |__|         |__|    
                                                                                     
 News and tutorials at http://www.serenity-bdd.info                                  
 Documentation at https://wakaleo.gitbooks.io/the-serenity-book/content/             
 Join the Serenity Community on Gitter: https://gitter.im/serenity-bdd/serenity-core 
 Serenity BDD Support and Training at http://serenity-bdd.info/#/trainingandsupport  
-------------------------------------------------------------------------------------

15:49:29.296 [main] DEBUG n.thucydides.core.steps.StepEventBus - Test suite started for story net.thucydides.core.model.Story@97c33b59
15:49:29.297 [main] INFO   - Test Suite Started: Login to Amazon
15:49:29.403 [main] INFO  i.c.core.plugin.SerenityReporter - Running feature from file:///Z:/Automation/JavaCucumber/Login/amazon-crud/src/test/resources/features/login/login.feature
15:49:29.458 [main] INFO   - 
 _____ _____ ____ _____   ____ _____  _    ____ _____ _____ ____  
|_   _| ____/ ___|_   _| / ___|_   _|/ \  |  _ \_   _| ____|  _ \ 
  | | |  _| \___ \ | |   \___ \ | | / _ \ | |_) || | |  _| | | | |
  | | | |___ ___) || |    ___) || |/ ___ \|  _ < | | | |___| |_| |
  |_| |_____|____/ |_|   |____/ |_/_/   \_\_| \_\|_| |_____|____/ 

Login to Amazaon Website(login-to-amazon;login-to-amazaon-website)
-------------------------------------------------------------------
15:49:29.505 [main] DEBUG n.t.c.r.m.cucumber.CucumberParser - Added feature Login to Amazon
15:49:29.880 [main] DEBUG n.t.core.steps.StepInterceptor - STARTING STEP: login.user_in_the_home_page - Open Applicaiton
15:49:29.902 [main] INFO  n.s.c.w.d.ChromeDriverProvider - Using automatically driver download
15:49:30.135 [main] DEBUG i.g.b.wdm.cache.ResolutionCache - Removing resolution chrome=89 from cache (expired on Sun Apr 18 12:43:07 CST 2021)
15:49:30.138 [main] DEBUG i.g.bonigarcia.wdm.versions.Shell - Running command on the shell: [wmic.exe, datafile, where, name='C:\\Program Files (x86)\\Google\\Chrome\\Application\\chrome.exe', get, Version, /value]
15:49:30.229 [main] DEBUG i.g.bonigarcia.wdm.versions.Shell - Result: Version=89.0.4389.128
15:49:30.230 [main] DEBUG i.g.b.wdm.cache.ResolutionCache - Resolution chrome89=89.0.4389.23 in cache (valid until 11:43:07 19/04/2021 CST)
15:49:30.230 [main] INFO  i.g.bonigarcia.wdm.WebDriverManager - Using chromedriver 89.0.4389.23 (resolved driver for Chrome 89)
15:49:30.232 [main] DEBUG i.g.b.wdm.cache.ResolutionCache - Storing resolution chrome=89 in cache (valid until 16:49:30 18/04/2021 CST)
15:49:30.236 [main] DEBUG i.g.bonigarcia.wdm.WebDriverManager - Driver chromedriver 89.0.4389.23 found in cache
15:49:30.236 [main] INFO  i.g.bonigarcia.wdm.WebDriverManager - Exporting webdriver.chrome.driver as C:\Users\DheyClaveria\.cache\selenium\chromedriver\win32\89.0.4389.23\chromedriver.exe
15:49:30.785 [main] INFO  n.s.c.w.d.ProvideNewDriver - Instantiating driver using a service pool
15:49:30.785 [main] INFO  n.s.c.w.d.ProvideNewDriver - Driver capabilities: Capabilities {acceptInsecureCerts: false, browserName: chrome, chrome.switches: --start-maximized;--test-ty..., goog:chromeOptions: {args: [--start-maximized, --test-type, --no-sandbox, --ignore-certificate-errors..., --disable-popup-blocking, --disable-default-apps, --disable-extensions-file-a..., --incognito, --disable-infobars, --disable-gpu], extensions: []}, loggingPrefs: org.openqa.selenium.logging...}
15:49:31.333 [main] DEBUG n.s.c.w.s.ChromeServicePool - Creating new driver instance with capabilities: Capabilities {acceptInsecureCerts: false, browserName: chrome, chrome.switches: --start-maximized;--test-ty..., goog:chromeOptions: {args: [--start-maximized, --test-type, --no-sandbox, --ignore-certificate-errors..., --disable-popup-blocking, --disable-default-apps, --disable-extensions-file-a..., --incognito, --disable-infobars, --disable-gpu], extensions: []}, loggingPrefs: org.openqa.selenium.logging...}
15:49:34.632 [main] DEBUG n.s.core.photography.Darkroom - Opening darkroom
15:49:34.633 [Darkroom Processing Line] DEBUG n.s.c.p.DarkroomProcessingLine - Darkroom processing line starting up
15:49:35.551 [main] DEBUG n.s.core.photography.Darkroom - Send negative for processing for target\site\serenity\261b821b7f0ce22e1e2f234a1fae297ec15a3e425d48a221df58164b709909dd.png
15:49:35.551 [Darkroom Processing Line] DEBUG n.s.c.p.DarkroomProcessingLine - Processing screenshot image in /var/screenshots/screenshot-918068270926297171
15:49:35.551 [Darkroom Processing Line] DEBUG n.s.c.p.DarkroomProcessingLine - Saving screenshot to target\site\serenity\261b821b7f0ce22e1e2f234a1fae297ec15a3e425d48a221df58164b709909dd.png
15:49:35.553 [main] DEBUG n.t.core.steps.StepInterceptor - STEP DONE: Open Applicaiton
15:49:35.566 [main] DEBUG n.t.core.steps.StepInterceptor - STARTING STEP: login.user_enter_as_username_and_enter_as_password - Login Credentails
15:49:35.734 [main] ERROR  - 
         __  _____ _____ ____ _____   _____ ____  ____   ___  ____  
 _      / / |_   _| ____/ ___|_   _| | ____|  _ \|  _ \ / _ \|  _ \ 
(_)____| |    | | |  _| \___ \ | |   |  _| | |_) | |_) | | | | |_) |
 |_____| |    | | | |___ ___) || |   | |___|  _ <|  _ <| |_| |  _ < 
(_)    | |    |_| |_____|____/ |_|   |_____|_| \_\_| \_\\___/|_| \_\
        \_\                                                         

Login to Amazaon Website
---------------------------------------------------------------------
15:49:35.736 [main] DEBUG  - RELATED ISSUES: 
15:49:35.778 [main] ERROR  -     Test failed at step: Login Credentails
15:49:35.778 [main] ERROR  -     Cannot invoke "String.startsWith(String)" because "xpathOrCssSelector" is null
]]></system-out>
    <system-err><![CDATA[SLF4J: Class path contains multiple SLF4J bindings.
SLF4J: Found binding in [jar:file:/C:/Users/DheyClaveria/.m2/repository/ch/qos/logback/logback-classic/1.1.3/logback-classic-1.1.3.jar!/org/slf4j/impl/StaticLoggerBinder.class]
SLF4J: Found binding in [jar:file:/C:/Users/DheyClaveria/.m2/repository/org/slf4j/slf4j-simple/1.7.7/slf4j-simple-1.7.7.jar!/org/slf4j/impl/StaticLoggerBinder.class]
SLF4J: See http://www.slf4j.org/codes.html#multiple_bindings for an explanation.
SLF4J: Actual binding is of type [ch.qos.logback.classic.util.ContextSelectorStaticBinder]
Starting ChromeDriver 89.0.4389.23 (61b08ee2c50024bab004e48d2b1b083cdbdac579-refs/branch-heads/4389@{#294}) on port 33415
Only local connections are allowed.
Please see https://chromedriver.chromium.org/security-considerations for suggestions on keeping ChromeDriver safe.
ChromeDriver was started successfully.
Apr 18, 2021 3:49:32 PM org.openqa.selenium.remote.ProtocolHandshake createSession
INFO: Detected dialect: W3C
]]></system-err>
  </testcase>
</testsuite>